[2K[1G[2m$ tsc --noEmit --emitDeclarationOnly false[22m
__tests__/features/firestore/shared/constraints.shared.tests.ts(7,52): error TS2707: Generic type 'Client<Types>' requires between 0 and 1 type arguments.
__tests__/features/firestore/shared/methods/add-doc.test.suite.ts(11,43): error TS2559: Type 'Tea[]' has no properties in common with type '{ response?: any; payload?: any; error?: any; queryParams?: string | QueryParamsType; }'.
__tests__/features/firestore/shared/methods/add-doc.test.suite.ts(16,24): error TS2558: Expected 0-1 type arguments, but got 2.
__tests__/features/firestore/shared/methods/add-doc.test.suite.ts(21,18): error TS2345: Argument of type 'Tea' is not assignable to parameter of type 'undefined'.
__tests__/features/firestore/shared/methods/delete-doc.test.suite.ts(12,24): error TS2559: Type 'Tea' has no properties in common with type '{ response?: any; payload?: any; error?: any; queryParams?: string | QueryParamsType; }'.
__tests__/features/firestore/shared/methods/delete-doc.test.suite.ts(19,24): error TS2559: Type 'Tea' has no properties in common with type '{ response?: any; payload?: any; error?: any; queryParams?: string | QueryParamsType; }'.
__tests__/features/firestore/shared/methods/delete-doc.test.suite.ts(43,24): error TS2559: Type 'Tea' has no properties in common with type '{ response?: any; payload?: any; error?: any; queryParams?: string | QueryParamsType; }'.
__tests__/features/firestore/shared/methods/get-doc.test.suite.ts(12,24): error TS2559: Type 'Tea[]' has no properties in common with type '{ response?: any; payload?: any; error?: any; queryParams?: string | QueryParamsType; }'.
__tests__/features/firestore/shared/methods/get-doc.test.suite.ts(35,24): error TS2559: Type 'Tea[]' has no properties in common with type '{ response?: any; payload?: any; error?: any; queryParams?: string | QueryParamsType; }'.
__tests__/features/firestore/shared/methods/get-doc.test.suite.ts(51,24): error TS2559: Type 'Tea' has no properties in common with type '{ response?: any; payload?: any; error?: any; queryParams?: string | QueryParamsType; }'.
__tests__/features/firestore/shared/methods/get-docs.test.suite.ts(11,40): error TS2559: Type 'Tea[]' has no properties in common with type '{ response?: any; payload?: any; error?: any; queryParams?: string | QueryParamsType; }'.
__tests__/features/firestore/shared/methods/get-docs.test.suite.ts(25,40): error TS2559: Type 'Tea[]' has no properties in common with type '{ response?: any; payload?: any; error?: any; queryParams?: string | QueryParamsType; }'.
__tests__/features/firestore/shared/methods/get-docs.test.suite.ts(37,44): error TS2559: Type 'Tea' has no properties in common with type '{ response?: any; payload?: any; error?: any; queryParams?: string | QueryParamsType; }'.
__tests__/features/firestore/shared/methods/on-snapshot.test.suite.ts(24,22): error TS2558: Expected 0-1 type arguments, but got 2.
__tests__/features/firestore/shared/methods/on-snapshot.test.suite.ts(28,16): error TS2345: Argument of type 'Tea' is not assignable to parameter of type 'undefined'.
__tests__/features/firestore/shared/methods/on-snapshot.test.suite.ts(147,24): error TS2558: Expected 0-1 type arguments, but got 2.
__tests__/features/firestore/shared/methods/on-snapshot.test.suite.ts(151,18): error TS2345: Argument of type 'Tea' is not assignable to parameter of type 'undefined'.
__tests__/features/firestore/shared/methods/on-snapshot.test.suite.ts(156,24): error TS2558: Expected 0-1 type arguments, but got 2.
__tests__/features/firestore/shared/methods/on-snapshot.test.suite.ts(160,18): error TS2345: Argument of type 'Tea' is not assignable to parameter of type 'undefined'.
__tests__/features/firestore/shared/methods/on-snapshot.test.suite.ts(165,24): error TS2559: Type 'Tea' has no properties in common with type '{ response?: any; payload?: any; error?: any; queryParams?: string | QueryParamsType; }'.
__tests__/features/firestore/shared/methods/on-snapshot.test.suite.ts(274,24): error TS2558: Expected 0-1 type arguments, but got 2.
__tests__/features/firestore/shared/methods/on-snapshot.test.suite.ts(278,18): error TS2345: Argument of type 'Tea' is not assignable to parameter of type 'undefined'.
__tests__/features/firestore/shared/methods/on-snapshot.test.suite.ts(280,24): error TS2558: Expected 0-1 type arguments, but got 2.
__tests__/features/firestore/shared/methods/on-snapshot.test.suite.ts(284,18): error TS2345: Argument of type 'Tea' is not assignable to parameter of type 'undefined'.
__tests__/features/firestore/shared/methods/set-doc.test.suite.ts(13,24): error TS2559: Type 'Tea' has no properties in common with type '{ response?: any; payload?: any; error?: any; queryParams?: string | QueryParamsType; }'.
__tests__/features/firestore/shared/methods/set-doc.test.suite.ts(19,24): error TS2558: Expected 0-1 type arguments, but got 2.
__tests__/features/firestore/shared/methods/set-doc.test.suite.ts(24,18): error TS2345: Argument of type 'Tea' is not assignable to parameter of type 'undefined'.
__tests__/features/firestore/shared/methods/set-doc.test.suite.ts(26,20): error TS2554: Expected 1 arguments, but got 0.
__tests__/features/firestore/shared/methods/set-doc.test.suite.ts(34,24): error TS2559: Type 'Tea' has no properties in common with type '{ response?: any; payload?: any; error?: any; queryParams?: string | QueryParamsType; }'.
__tests__/features/firestore/shared/methods/set-doc.test.suite.ts(41,24): error TS2558: Expected 0-1 type arguments, but got 2.
__tests__/features/firestore/shared/methods/set-doc.test.suite.ts(47,18): error TS2345: Argument of type 'Tea' is not assignable to parameter of type 'undefined'.
__tests__/features/firestore/shared/methods/set-doc.test.suite.ts(49,20): error TS2554: Expected 1 arguments, but got 0.
__tests__/features/firestore/shared/methods/set-doc.test.suite.ts(52,36): error TS2698: Spread types may only be created from object types.
__tests__/features/firestore/shared/methods/set-doc.test.suite.ts(59,24): error TS2558: Expected 0-1 type arguments, but got 2.
__tests__/features/firestore/shared/methods/set-doc.test.suite.ts(65,18): error TS2345: Argument of type 'Tea' is not assignable to parameter of type 'undefined'.
__tests__/features/firestore/shared/methods/update-doc.test.suite.ts(13,24): error TS2558: Expected 0-1 type arguments, but got 2.
__tests__/features/firestore/shared/methods/update-doc.test.suite.ts(17,18): error TS2345: Argument of type 'Tea' is not assignable to parameter of type 'undefined'.
__tests__/features/firestore/shared/methods/update-doc.test.suite.ts(18,43): error TS2559: Type 'Tea' has no properties in common with type '{ response?: any; payload?: any; error?: any; queryParams?: string | QueryParamsType; }'.
__tests__/features/firestore/shared/methods/update-doc.test.suite.ts(31,24): error TS2558: Expected 0-1 type arguments, but got 2.
__tests__/features/firestore/shared/methods/update-doc.test.suite.ts(35,18): error TS2345: Argument of type 'Tea' is not assignable to parameter of type 'undefined'.
__tests__/features/realtime/shared/constraints.shared.tests.ts(10,40): error TS2559: Type 'Tea[]' has no properties in common with type '{ response?: any; payload?: any; error?: any; queryParams?: string | QueryParamsType; }'.
__tests__/features/realtime/shared/constraints.shared.tests.ts(17,14): error TS18048: 'data' is possibly 'undefined'.
__tests__/features/realtime/shared/constraints.shared.tests.ts(34,40): error TS2559: Type 'Tea[]' has no properties in common with type '{ response?: any; payload?: any; error?: any; queryParams?: string | QueryParamsType; }'.
__tests__/features/realtime/shared/constraints.shared.tests.ts(41,14): error TS18048: 'data' is possibly 'undefined'.
__tests__/features/realtime/shared/constraints.shared.tests.ts(45,40): error TS2559: Type 'Tea[]' has no properties in common with type '{ response?: any; payload?: any; error?: any; queryParams?: string | QueryParamsType; }'.
__tests__/features/realtime/shared/constraints.shared.tests.ts(53,14): error TS18048: 'data' is possibly 'undefined'.
__tests__/features/realtime/shared/methods/get.test.suite.ts(17,40): error TS2559: Type 'Tea[]' has no properties in common with type '{ response?: any; payload?: any; error?: any; queryParams?: string | QueryParamsType; }'.
__tests__/features/realtime/shared/methods/get.test.suite.ts(23,14): error TS18048: 'data' is possibly 'undefined'.
__tests__/features/realtime/shared/methods/get.test.suite.ts(32,24): error TS2559: Type 'Tea' has no properties in common with type '{ response?: any; payload?: any; error?: any; queryParams?: string | QueryParamsType; }'.
__tests__/features/realtime/shared/methods/get.test.suite.ts(43,24): error TS2559: Type 'Tea' has no properties in common with type '{ response?: any; payload?: any; error?: any; queryParams?: string | QueryParamsType; }'.
__tests__/features/realtime/shared/methods/get.test.suite.ts(55,24): error TS2559: Type 'Tea' has no properties in common with type '{ response?: any; payload?: any; error?: any; queryParams?: string | QueryParamsType; }'.
__tests__/features/realtime/shared/methods/on-value.test.suite.ts(35,24): error TS2558: Expected 0-1 type arguments, but got 2.
__tests__/features/realtime/shared/methods/on-value.test.suite.ts(39,18): error TS2345: Argument of type 'Tea' is not assignable to parameter of type 'undefined'.
__tests__/features/realtime/shared/methods/on-value.test.suite.ts(152,72): error TS18048: 'data' is possibly 'undefined'.
__tests__/features/realtime/shared/methods/push.test.suite.ts(16,43): error TS2559: Type 'Tea[]' has no properties in common with type '{ response?: any; payload?: any; error?: any; queryParams?: string | QueryParamsType; }'.
__tests__/features/realtime/shared/methods/push.test.suite.ts(21,24): error TS2558: Expected 0-1 type arguments, but got 2.
__tests__/features/realtime/shared/methods/push.test.suite.ts(26,18): error TS2345: Argument of type 'Tea' is not assignable to parameter of type 'undefined'.
__tests__/features/realtime/shared/methods/push.test.suite.ts(31,56): error TS18048: 'pushedData' is possibly 'undefined'.
__tests__/features/realtime/shared/methods/push.test.suite.ts(38,24): error TS2558: Expected 0-1 type arguments, but got 2.
__tests__/features/realtime/shared/methods/push.test.suite.ts(42,18): error TS2345: Argument of type 'Tea' is not assignable to parameter of type 'undefined'.
__tests__/features/realtime/shared/methods/remove.test.suite.ts(15,24): error TS2559: Type 'Tea' has no properties in common with type '{ response?: any; payload?: any; error?: any; queryParams?: string | QueryParamsType; }'.
__tests__/features/realtime/shared/methods/remove.test.suite.ts(22,24): error TS2559: Type 'Tea' has no properties in common with type '{ response?: any; payload?: any; error?: any; queryParams?: string | QueryParamsType; }'.
__tests__/features/realtime/shared/methods/remove.test.suite.ts(35,24): error TS2559: Type 'Tea' has no properties in common with type '{ response?: any; payload?: any; error?: any; queryParams?: string | QueryParamsType; }'.
__tests__/features/realtime/shared/methods/set.test.suite.ts(17,24): error TS2559: Type 'Tea' has no properties in common with type '{ response?: any; payload?: any; error?: any; queryParams?: string | QueryParamsType; }'.
__tests__/features/realtime/shared/methods/set.test.suite.ts(23,24): error TS2558: Expected 0-1 type arguments, but got 2.
__tests__/features/realtime/shared/methods/set.test.suite.ts(28,18): error TS2345: Argument of type 'Tea' is not assignable to parameter of type 'undefined'.
__tests__/features/realtime/shared/methods/set.test.suite.ts(30,20): error TS2554: Expected 1 arguments, but got 0.
__tests__/features/realtime/shared/methods/set.test.suite.ts(37,24): error TS2559: Type 'Tea' has no properties in common with type '{ response?: any; payload?: any; error?: any; queryParams?: string | QueryParamsType; }'.
__tests__/features/realtime/shared/methods/set.test.suite.ts(44,24): error TS2558: Expected 0-1 type arguments, but got 2.
__tests__/features/realtime/shared/methods/set.test.suite.ts(49,18): error TS2345: Argument of type '{ data: null; }' is not assignable to parameter of type 'undefined'.
__tests__/features/realtime/shared/methods/set.test.suite.ts(51,20): error TS2554: Expected 1 arguments, but got 0.
__tests__/features/realtime/shared/methods/set.test.suite.ts(58,24): error TS2558: Expected 0-1 type arguments, but got 2.
__tests__/features/realtime/shared/methods/set.test.suite.ts(63,18): error TS2345: Argument of type '{ data: null; }' is not assignable to parameter of type 'undefined'.
__tests__/features/realtime/shared/methods/update.test.suite.ts(17,24): error TS2558: Expected 0-1 type arguments, but got 2.
__tests__/features/realtime/shared/methods/update.test.suite.ts(21,18): error TS2345: Argument of type 'Tea' is not assignable to parameter of type 'undefined'.
__tests__/features/realtime/shared/methods/update.test.suite.ts(22,43): error TS2559: Type 'Tea' has no properties in common with type '{ response?: any; payload?: any; error?: any; queryParams?: string | QueryParamsType; }'.
__tests__/features/realtime/shared/methods/update.test.suite.ts(34,24): error TS2558: Expected 0-1 type arguments, but got 2.
__tests__/features/realtime/shared/methods/update.test.suite.ts(38,18): error TS2345: Argument of type 'Tea' is not assignable to parameter of type 'undefined'.
src/adapter/types/adapter.firestore.types.ts(25,5): error TS2707: Generic type 'AdapterType' requires between 0 and 1 type arguments.
src/adapter/types/adapter.firestore.types.ts(26,5): error TS2707: Generic type 'AdapterType' requires between 0 and 1 type arguments.
src/adapter/types/adapter.firestore.types.ts(27,5): error TS2707: Generic type 'AdapterType' requires between 0 and 1 type arguments.
src/adapter/types/adapter.firestore.types.ts(28,5): error TS2707: Generic type 'AdapterType' requires between 0 and 1 type arguments.
[2K[1G[31merror[39m Command failed with exit code 2.
[2K[1G[34minfo[39m Visit [1mhttps://yarnpkg.com/en/docs/cli/run[22m for documentation about this command.
