[2K[1G[2m$ tsc --noEmit --emitDeclarationOnly false[22m
__tests__/features/adapter/adapter.browser.spec.ts(13,38): error TS2559: Type 'GetUserQueryResponse' has no properties in common with type '{ response?: any; payload?: any; error?: any; queryParams?: string | QueryParamsType; }'.
__tests__/features/adapter/adapter.browser.spec.ts(14,39): error TS2558: Expected 0-1 type arguments, but got 2.
__tests__/features/adapter/adapter.browser.spec.ts(24,36): error TS2559: Type 'GetUserQueryResponse' has no properties in common with type '{ response?: any; payload?: any; error?: any; queryParams?: string | QueryParamsType; }'.
__tests__/features/adapter/adapter.browser.spec.ts(25,37): error TS2558: Expected 0-1 type arguments, but got 2.
__tests__/features/adapter/adapter.browser.spec.ts(38,54): error TS2322: Type '{ username: string; firstName: string; }' is not assignable to type 'undefined'.
__tests__/features/adapter/adapter.browser.spec.ts(49,54): error TS2322: Type '{ username: string; firstName: string; }' is not assignable to type 'undefined'.
__tests__/features/adapter/adapter.browser.spec.ts(77,24): error TS2345: Argument of type '{ username: string; password: string; }' is not assignable to parameter of type 'undefined'.
__tests__/features/adapter/adapter.browser.spec.ts(81,9): error TS2322: Type '{ username: string; firstName: string; }' is not assignable to type 'undefined'.
__tests__/features/adapter/adapter.browser.spec.ts(90,16): error TS2345: Argument of type '{ username: string; password: string; }' is not assignable to parameter of type 'undefined'.
__tests__/features/adapter/adapter.server.spec.ts(17,38): error TS2559: Type 'GetUserQueryResponse' has no properties in common with type '{ response?: any; payload?: any; error?: any; queryParams?: string | QueryParamsType; }'.
__tests__/features/adapter/adapter.server.spec.ts(18,39): error TS2558: Expected 0-1 type arguments, but got 2.
__tests__/features/adapter/adapter.server.spec.ts(29,36): error TS2559: Type 'GetUserQueryResponse' has no properties in common with type '{ response?: any; payload?: any; error?: any; queryParams?: string | QueryParamsType; }'.
__tests__/features/adapter/adapter.server.spec.ts(30,37): error TS2558: Expected 0-1 type arguments, but got 2.
__tests__/features/adapter/adapter.server.spec.ts(55,34): error TS2559: Type 'GetUserQueryResponse' has no properties in common with type '{ response?: any; payload?: any; error?: any; queryParams?: string | QueryParamsType; }'.
__tests__/features/adapter/adapter.server.spec.ts(67,54): error TS2322: Type '{ username: string; firstName: string; }' is not assignable to type 'undefined'.
__tests__/features/adapter/adapter.server.spec.ts(78,54): error TS2322: Type '{ username: string; firstName: string; }' is not assignable to type 'undefined'.
__tests__/features/adapter/adapter.server.spec.ts(106,24): error TS2345: Argument of type '{ username: string; password: string; }' is not assignable to parameter of type 'undefined'.
__tests__/features/adapter/adapter.server.spec.ts(110,9): error TS2322: Type '{ username: string; firstName: string; }' is not assignable to type 'undefined'.
__tests__/features/adapter/adapter.server.spec.ts(119,16): error TS2345: Argument of type '{ username: string; password: string; }' is not assignable to parameter of type 'undefined'.
__tests__/features/adapter/adapter.server.spec.ts(157,7): error TS2322: Type '{ username: string; password: string; }' is not assignable to type 'null'.
__tests__/features/adapter/adapter.utils.spec.ts(9,38): error TS2558: Expected 0-1 type arguments, but got 2.
__tests__/features/adapter/adapter.utils.spec.ts(10,41): error TS2558: Expected 0-1 type arguments, but got 2.
__tests__/features/adapter/adapter.utils.spec.ts(18,36): error TS2558: Expected 0-1 type arguments, but got 2.
__tests__/features/adapter/adapter.utils.spec.ts(19,39): error TS2558: Expected 0-1 type arguments, but got 2.
[2K[1G[31merror[39m Command failed with exit code 2.
[2K[1G[34minfo[39m Visit [1mhttps://yarnpkg.com/en/docs/cli/run[22m for documentation about this command.
